2024-12-12 17:27:25,370 INFO o.a.j.u.JMeterUtils: Setting Locale to en_EN
2024-12-12 17:27:25,417 INFO o.a.j.JMeter: Loading user properties from: user.properties
2024-12-12 17:27:25,418 INFO o.a.j.JMeter: Loading system properties from: system.properties
2024-12-12 17:27:25,430 INFO o.a.j.JMeter: Copyright (c) 1998-2024 The Apache Software Foundation
2024-12-12 17:27:25,430 INFO o.a.j.JMeter: Version 5.6.3
2024-12-12 17:27:25,430 INFO o.a.j.JMeter: java.version=19
2024-12-12 17:27:25,430 INFO o.a.j.JMeter: java.vm.name=Java HotSpot(TM) 64-Bit Server VM
2024-12-12 17:27:25,430 INFO o.a.j.JMeter: os.name=Windows 11
2024-12-12 17:27:25,431 INFO o.a.j.JMeter: os.arch=amd64
2024-12-12 17:27:25,431 INFO o.a.j.JMeter: os.version=10.0
2024-12-12 17:27:25,431 INFO o.a.j.JMeter: file.encoding=UTF-8
2024-12-12 17:27:25,431 INFO o.a.j.JMeter: java.awt.headless=null
2024-12-12 17:27:25,431 INFO o.a.j.JMeter: Max memory     =2147483648
2024-12-12 17:27:25,431 INFO o.a.j.JMeter: Available Processors =12
2024-12-12 17:27:25,454 INFO o.a.j.JMeter: Default Locale=English (EN)
2024-12-12 17:27:25,454 INFO o.a.j.JMeter: JMeter  Locale=English (EN)
2024-12-12 17:27:25,454 INFO o.a.j.JMeter: JMeterHome=C:\Microservices\apache-jmeter-5.6.3
2024-12-12 17:27:25,455 INFO o.a.j.JMeter: user.dir  =C:\Microservices\apache-jmeter-5.6.3\bin
2024-12-12 17:27:25,455 INFO o.a.j.JMeter: PWD       =C:\Microservices\apache-jmeter-5.6.3\bin
2024-12-12 17:27:30,428 INFO o.a.j.JMeter: IP: 192.168.56.1 Name: LAPTOP-Q6ODLCM6 FullName: LAPTOP-Q6ODLCM6
2024-12-12 17:27:30,458 INFO o.a.j.JMeter: Loaded icon properties from org/apache/jmeter/images/icon.properties
2024-12-12 17:27:31,183 INFO o.a.j.JMeterGuiLauncher: Setting LAF to: com.github.weisj.darklaf.DarkLaf:com.github.weisj.darklaf.theme.DarculaTheme
2024-12-12 17:27:55,182 INFO o.a.j.p.h.s.HTTPSamplerBase: Parser for text/html is org.apache.jmeter.protocol.http.parser.LagartoBasedHtmlParser
2024-12-12 17:27:55,183 INFO o.a.j.p.h.s.HTTPSamplerBase: Parser for application/xhtml+xml is org.apache.jmeter.protocol.http.parser.LagartoBasedHtmlParser
2024-12-12 17:27:55,183 INFO o.a.j.p.h.s.HTTPSamplerBase: Parser for application/xml is org.apache.jmeter.protocol.http.parser.LagartoBasedHtmlParser
2024-12-12 17:27:55,184 INFO o.a.j.p.h.s.HTTPSamplerBase: Parser for text/xml is org.apache.jmeter.protocol.http.parser.LagartoBasedHtmlParser
2024-12-12 17:27:55,184 INFO o.a.j.p.h.s.HTTPSamplerBase: Parser for text/vnd.wap.wml is org.apache.jmeter.protocol.http.parser.RegexpHTMLParser
2024-12-12 17:27:55,184 INFO o.a.j.p.h.s.HTTPSamplerBase: Parser for text/css is org.apache.jmeter.protocol.http.parser.CssParser
2024-12-12 17:28:57,409 INFO o.a.j.s.SampleResult: Note: Sample TimeStamps are START times
2024-12-12 17:28:57,409 INFO o.a.j.s.SampleResult: sampleresult.default.encoding is set to UTF-8
2024-12-12 17:28:57,410 INFO o.a.j.s.SampleResult: sampleresult.useNanoTime=true
2024-12-12 17:28:57,410 INFO o.a.j.s.SampleResult: sampleresult.nanoThreadSleep=5000
2024-12-12 17:29:28,792 INFO o.a.j.s.FileServer: Default base='C:\Microservices\apache-jmeter-5.6.3\bin'
2024-12-12 17:29:28,795 INFO o.a.j.s.FileServer: Set new base='C:\Microservices\apache-jmeter-5.6.3\bin'
2024-12-12 17:29:29,286 INFO o.a.j.s.SaveService: Testplan (JMX) version: 2.2. Testlog (JTL) version: 2.2
2024-12-12 17:29:29,331 INFO o.a.j.s.SaveService: Using SaveService properties version 5.0
2024-12-12 17:29:29,334 INFO o.a.j.s.SaveService: Using SaveService properties file encoding UTF-8
2024-12-12 17:29:29,390 INFO o.a.j.e.StandardJMeterEngine: Running the test!
2024-12-12 17:29:29,390 INFO o.a.j.s.SampleEvent: List of sample_variables: []
2024-12-12 17:29:29,391 INFO o.a.j.s.SampleEvent: List of sample_variables: []
2024-12-12 17:29:29,392 INFO o.a.j.e.u.CompoundVariable: Note: Function class names must contain the string: '.functions.'
2024-12-12 17:29:29,392 INFO o.a.j.e.u.CompoundVariable: Note: Function class names must not contain the string: '.gui.'
2024-12-12 17:29:29,525 INFO o.a.j.g.u.JMeterMenuBar: setRunning(true, *local*)
2024-12-12 17:29:29,531 INFO o.a.j.e.StandardJMeterEngine: Starting ThreadGroup: 1 : Thread Group
2024-12-12 17:29:29,531 INFO o.a.j.e.StandardJMeterEngine: Starting 15 threads for group Thread Group.
2024-12-12 17:29:29,531 INFO o.a.j.e.StandardJMeterEngine: Thread will continue on error
2024-12-12 17:29:29,531 INFO o.a.j.t.ThreadGroup: Starting thread group... number=1 threads=15 ramp-up=1 delayedStart=false
2024-12-12 17:29:29,552 INFO o.a.j.t.JMeterThread: Thread started: Thread Group 1-1
2024-12-12 17:29:29,560 INFO o.a.j.t.ThreadGroup: Started thread group number 1
2024-12-12 17:29:29,561 INFO o.a.j.e.StandardJMeterEngine: All thread groups have been started
2024-12-12 17:29:29,589 INFO o.a.j.p.h.s.HTTPHCAbstractImpl: Local host = LAPTOP-Q6ODLCM6
2024-12-12 17:29:29,602 INFO o.a.j.t.JMeterThread: Thread started: Thread Group 1-2
2024-12-12 17:29:29,611 INFO o.a.j.p.h.s.HTTPHC4Impl: HTTP request retry count = 0
2024-12-12 17:29:29,669 INFO o.a.j.t.JMeterThread: Thread started: Thread Group 1-3
2024-12-12 17:29:29,736 INFO o.a.j.t.JMeterThread: Thread started: Thread Group 1-4
2024-12-12 17:29:29,802 INFO o.a.j.t.JMeterThread: Thread started: Thread Group 1-5
2024-12-12 17:29:29,870 INFO o.a.j.t.JMeterThread: Thread started: Thread Group 1-6
2024-12-12 17:29:29,905 INFO o.a.j.t.JMeterThread: Thread is done: Thread Group 1-5
2024-12-12 17:29:29,905 INFO o.a.j.t.JMeterThread: Thread is done: Thread Group 1-1
2024-12-12 17:29:29,905 INFO o.a.j.t.JMeterThread: Thread is done: Thread Group 1-4
2024-12-12 17:29:29,905 INFO o.a.j.t.JMeterThread: Thread is done: Thread Group 1-6
2024-12-12 17:29:29,905 INFO o.a.j.t.JMeterThread: Thread finished: Thread Group 1-5
2024-12-12 17:29:29,905 INFO o.a.j.t.JMeterThread: Thread finished: Thread Group 1-4
2024-12-12 17:29:29,905 INFO o.a.j.t.JMeterThread: Thread finished: Thread Group 1-1
2024-12-12 17:29:29,905 INFO o.a.j.t.JMeterThread: Thread finished: Thread Group 1-6
2024-12-12 17:29:29,938 INFO o.a.j.t.JMeterThread: Thread started: Thread Group 1-7
2024-12-12 17:29:29,956 INFO o.a.j.t.JMeterThread: Thread is done: Thread Group 1-7
2024-12-12 17:29:29,956 INFO o.a.j.t.JMeterThread: Thread finished: Thread Group 1-7
2024-12-12 17:29:29,986 INFO o.a.j.t.JMeterThread: Thread is done: Thread Group 1-3
2024-12-12 17:29:29,986 INFO o.a.j.t.JMeterThread: Thread finished: Thread Group 1-3
2024-12-12 17:29:29,999 INFO o.a.j.t.JMeterThread: Thread is done: Thread Group 1-2
2024-12-12 17:29:30,000 INFO o.a.j.t.JMeterThread: Thread finished: Thread Group 1-2
2024-12-12 17:29:30,007 INFO o.a.j.t.JMeterThread: Thread started: Thread Group 1-8
2024-12-12 17:29:30,019 INFO o.a.j.t.JMeterThread: Thread is done: Thread Group 1-8
2024-12-12 17:29:30,019 INFO o.a.j.t.JMeterThread: Thread finished: Thread Group 1-8
2024-12-12 17:29:30,072 INFO o.a.j.t.JMeterThread: Thread started: Thread Group 1-9
2024-12-12 17:29:30,081 INFO o.a.j.t.JMeterThread: Thread is done: Thread Group 1-9
2024-12-12 17:29:30,081 INFO o.a.j.t.JMeterThread: Thread finished: Thread Group 1-9
2024-12-12 17:29:30,140 INFO o.a.j.t.JMeterThread: Thread started: Thread Group 1-10
2024-12-12 17:29:30,151 INFO o.a.j.t.JMeterThread: Thread is done: Thread Group 1-10
2024-12-12 17:29:30,151 INFO o.a.j.t.JMeterThread: Thread finished: Thread Group 1-10
2024-12-12 17:29:30,207 INFO o.a.j.t.JMeterThread: Thread started: Thread Group 1-11
2024-12-12 17:29:30,225 INFO o.a.j.t.JMeterThread: Thread is done: Thread Group 1-11
2024-12-12 17:29:30,225 INFO o.a.j.t.JMeterThread: Thread finished: Thread Group 1-11
2024-12-12 17:29:30,273 INFO o.a.j.t.JMeterThread: Thread started: Thread Group 1-12
2024-12-12 17:29:30,293 INFO o.a.j.t.JMeterThread: Thread is done: Thread Group 1-12
2024-12-12 17:29:30,294 INFO o.a.j.t.JMeterThread: Thread finished: Thread Group 1-12
2024-12-12 17:29:30,341 INFO o.a.j.t.JMeterThread: Thread started: Thread Group 1-13
2024-12-12 17:29:30,355 INFO o.a.j.t.JMeterThread: Thread is done: Thread Group 1-13
2024-12-12 17:29:30,355 INFO o.a.j.t.JMeterThread: Thread finished: Thread Group 1-13
2024-12-12 17:29:30,408 INFO o.a.j.t.JMeterThread: Thread started: Thread Group 1-14
2024-12-12 17:29:30,417 INFO o.a.j.t.JMeterThread: Thread is done: Thread Group 1-14
2024-12-12 17:29:30,418 INFO o.a.j.t.JMeterThread: Thread finished: Thread Group 1-14
2024-12-12 17:29:30,475 INFO o.a.j.t.JMeterThread: Thread started: Thread Group 1-15
2024-12-12 17:29:30,492 INFO o.a.j.t.JMeterThread: Thread is done: Thread Group 1-15
2024-12-12 17:29:30,492 INFO o.a.j.t.JMeterThread: Thread finished: Thread Group 1-15
2024-12-12 17:29:30,493 INFO o.a.j.e.StandardJMeterEngine: Notifying test listeners of end of test
2024-12-12 17:29:30,494 INFO o.a.j.g.u.JMeterMenuBar: setRunning(false, *local*)
2024-12-12 17:31:58,021 INFO o.a.j.e.StandardJMeterEngine: Running the test!
2024-12-12 17:31:58,022 INFO o.a.j.s.SampleEvent: List of sample_variables: []
2024-12-12 17:31:58,023 INFO o.a.j.g.u.JMeterMenuBar: setRunning(true, *local*)
2024-12-12 17:31:58,026 INFO o.a.j.e.StandardJMeterEngine: Starting ThreadGroup: 1 : Thread Group
2024-12-12 17:31:58,026 INFO o.a.j.e.StandardJMeterEngine: Starting 15 threads for group Thread Group.
2024-12-12 17:31:58,026 INFO o.a.j.e.StandardJMeterEngine: Thread will continue on error
2024-12-12 17:31:58,026 INFO o.a.j.t.ThreadGroup: Starting thread group... number=1 threads=15 ramp-up=1 delayedStart=false
2024-12-12 17:31:58,038 INFO o.a.j.t.JMeterThread: Thread started: Thread Group 1-1
2024-12-12 17:31:58,050 INFO o.a.j.t.ThreadGroup: Started thread group number 1
2024-12-12 17:31:58,051 INFO o.a.j.e.StandardJMeterEngine: All thread groups have been started
2024-12-12 17:31:58,112 INFO o.a.j.t.JMeterThread: Thread started: Thread Group 1-2
2024-12-12 17:31:58,176 INFO o.a.j.t.JMeterThread: Thread started: Thread Group 1-3
2024-12-12 17:31:58,188 INFO o.a.j.t.JMeterThread: Thread is done: Thread Group 1-1
2024-12-12 17:31:58,188 INFO o.a.j.t.JMeterThread: Thread finished: Thread Group 1-1
2024-12-12 17:31:58,207 INFO o.a.j.t.JMeterThread: Thread is done: Thread Group 1-3
2024-12-12 17:31:58,208 INFO o.a.j.t.JMeterThread: Thread finished: Thread Group 1-3
2024-12-12 17:31:58,240 INFO o.a.j.t.JMeterThread: Thread started: Thread Group 1-4
2024-12-12 17:31:58,263 INFO o.a.j.t.JMeterThread: Thread is done: Thread Group 1-4
2024-12-12 17:31:58,263 INFO o.a.j.t.JMeterThread: Thread finished: Thread Group 1-4
2024-12-12 17:31:58,281 INFO o.a.j.t.JMeterThread: Thread is done: Thread Group 1-2
2024-12-12 17:31:58,281 INFO o.a.j.t.JMeterThread: Thread finished: Thread Group 1-2
2024-12-12 17:31:58,302 INFO o.a.j.t.JMeterThread: Thread started: Thread Group 1-5
2024-12-12 17:31:58,317 INFO o.a.j.t.JMeterThread: Thread is done: Thread Group 1-5
2024-12-12 17:31:58,318 INFO o.a.j.t.JMeterThread: Thread finished: Thread Group 1-5
2024-12-12 17:31:58,378 INFO o.a.j.t.JMeterThread: Thread started: Thread Group 1-6
2024-12-12 17:31:58,391 INFO o.a.j.t.JMeterThread: Thread is done: Thread Group 1-6
2024-12-12 17:31:58,391 INFO o.a.j.t.JMeterThread: Thread finished: Thread Group 1-6
2024-12-12 17:31:58,440 INFO o.a.j.t.JMeterThread: Thread started: Thread Group 1-7
2024-12-12 17:31:58,455 INFO o.a.j.t.JMeterThread: Thread is done: Thread Group 1-7
2024-12-12 17:31:58,455 INFO o.a.j.t.JMeterThread: Thread finished: Thread Group 1-7
2024-12-12 17:31:58,518 INFO o.a.j.t.JMeterThread: Thread started: Thread Group 1-8
2024-12-12 17:31:58,530 INFO o.a.j.t.JMeterThread: Thread is done: Thread Group 1-8
2024-12-12 17:31:58,532 INFO o.a.j.t.JMeterThread: Thread finished: Thread Group 1-8
2024-12-12 17:31:58,580 INFO o.a.j.t.JMeterThread: Thread started: Thread Group 1-9
2024-12-12 17:31:58,599 INFO o.a.j.t.JMeterThread: Thread is done: Thread Group 1-9
2024-12-12 17:31:58,600 INFO o.a.j.t.JMeterThread: Thread finished: Thread Group 1-9
2024-12-12 17:31:58,642 INFO o.a.j.t.JMeterThread: Thread started: Thread Group 1-10
2024-12-12 17:31:58,656 INFO o.a.j.t.JMeterThread: Thread is done: Thread Group 1-10
2024-12-12 17:31:58,656 INFO o.a.j.t.JMeterThread: Thread finished: Thread Group 1-10
2024-12-12 17:31:58,720 INFO o.a.j.t.JMeterThread: Thread started: Thread Group 1-11
2024-12-12 17:31:58,737 INFO o.a.j.t.JMeterThread: Thread is done: Thread Group 1-11
2024-12-12 17:31:58,738 INFO o.a.j.t.JMeterThread: Thread finished: Thread Group 1-11
2024-12-12 17:31:58,783 INFO o.a.j.t.JMeterThread: Thread started: Thread Group 1-12
2024-12-12 17:31:58,800 INFO o.a.j.t.JMeterThread: Thread is done: Thread Group 1-12
2024-12-12 17:31:58,800 INFO o.a.j.t.JMeterThread: Thread finished: Thread Group 1-12
2024-12-12 17:31:58,845 INFO o.a.j.t.JMeterThread: Thread started: Thread Group 1-13
2024-12-12 17:31:58,861 INFO o.a.j.t.JMeterThread: Thread is done: Thread Group 1-13
2024-12-12 17:31:58,861 INFO o.a.j.t.JMeterThread: Thread finished: Thread Group 1-13
2024-12-12 17:31:58,922 INFO o.a.j.t.JMeterThread: Thread started: Thread Group 1-14
2024-12-12 17:31:58,938 INFO o.a.j.t.JMeterThread: Thread is done: Thread Group 1-14
2024-12-12 17:31:58,939 INFO o.a.j.t.JMeterThread: Thread finished: Thread Group 1-14
2024-12-12 17:31:58,985 INFO o.a.j.t.JMeterThread: Thread started: Thread Group 1-15
2024-12-12 17:31:58,998 INFO o.a.j.t.JMeterThread: Thread is done: Thread Group 1-15
2024-12-12 17:31:58,998 INFO o.a.j.t.JMeterThread: Thread finished: Thread Group 1-15
2024-12-12 17:31:58,999 INFO o.a.j.e.StandardJMeterEngine: Notifying test listeners of end of test
2024-12-12 17:31:59,000 INFO o.a.j.g.u.JMeterMenuBar: setRunning(false, *local*)
2024-12-12 17:32:12,147 INFO o.a.j.e.StandardJMeterEngine: Running the test!
2024-12-12 17:32:12,148 INFO o.a.j.s.SampleEvent: List of sample_variables: []
2024-12-12 17:32:12,149 INFO o.a.j.g.u.JMeterMenuBar: setRunning(true, *local*)
2024-12-12 17:32:12,255 INFO o.a.j.e.StandardJMeterEngine: Starting ThreadGroup: 1 : Thread Group
2024-12-12 17:32:12,255 INFO o.a.j.e.StandardJMeterEngine: Starting 15 threads for group Thread Group.
2024-12-12 17:32:12,255 INFO o.a.j.e.StandardJMeterEngine: Thread will continue on error
2024-12-12 17:32:12,256 INFO o.a.j.t.ThreadGroup: Starting thread group... number=1 threads=15 ramp-up=1 delayedStart=false
2024-12-12 17:32:12,257 INFO o.a.j.t.JMeterThread: Thread started: Thread Group 1-1
2024-12-12 17:32:12,263 INFO o.a.j.t.ThreadGroup: Started thread group number 1
2024-12-12 17:32:12,263 INFO o.a.j.e.StandardJMeterEngine: All thread groups have been started
2024-12-12 17:32:12,325 INFO o.a.j.t.JMeterThread: Thread started: Thread Group 1-2
2024-12-12 17:32:12,369 INFO o.a.j.t.JMeterThread: Thread is done: Thread Group 1-1
2024-12-12 17:32:12,370 INFO o.a.j.t.JMeterThread: Thread finished: Thread Group 1-1
2024-12-12 17:32:12,391 INFO o.a.j.t.JMeterThread: Thread started: Thread Group 1-3
2024-12-12 17:32:12,406 INFO o.a.j.t.JMeterThread: Thread is done: Thread Group 1-3
2024-12-12 17:32:12,406 INFO o.a.j.t.JMeterThread: Thread finished: Thread Group 1-3
2024-12-12 17:32:12,448 INFO o.a.j.t.JMeterThread: Thread is done: Thread Group 1-2
2024-12-12 17:32:12,448 INFO o.a.j.t.JMeterThread: Thread finished: Thread Group 1-2
2024-12-12 17:32:12,459 INFO o.a.j.t.JMeterThread: Thread started: Thread Group 1-4
2024-12-12 17:32:12,473 INFO o.a.j.t.JMeterThread: Thread is done: Thread Group 1-4
2024-12-12 17:32:12,473 INFO o.a.j.t.JMeterThread: Thread finished: Thread Group 1-4
2024-12-12 17:32:12,525 INFO o.a.j.t.JMeterThread: Thread started: Thread Group 1-5
2024-12-12 17:32:12,541 INFO o.a.j.t.JMeterThread: Thread is done: Thread Group 1-5
2024-12-12 17:32:12,541 INFO o.a.j.t.JMeterThread: Thread finished: Thread Group 1-5
2024-12-12 17:32:12,594 INFO o.a.j.t.JMeterThread: Thread started: Thread Group 1-6
2024-12-12 17:32:12,607 INFO o.a.j.t.JMeterThread: Thread is done: Thread Group 1-6
2024-12-12 17:32:12,608 INFO o.a.j.t.JMeterThread: Thread finished: Thread Group 1-6
2024-12-12 17:32:12,660 INFO o.a.j.t.JMeterThread: Thread started: Thread Group 1-7
2024-12-12 17:32:12,673 INFO o.a.j.t.JMeterThread: Thread is done: Thread Group 1-7
2024-12-12 17:32:12,674 INFO o.a.j.t.JMeterThread: Thread finished: Thread Group 1-7
2024-12-12 17:32:12,727 INFO o.a.j.t.JMeterThread: Thread started: Thread Group 1-8
2024-12-12 17:32:12,736 INFO o.a.j.t.JMeterThread: Thread is done: Thread Group 1-8
2024-12-12 17:32:12,737 INFO o.a.j.t.JMeterThread: Thread finished: Thread Group 1-8
2024-12-12 17:32:12,795 INFO o.a.j.t.JMeterThread: Thread started: Thread Group 1-9
2024-12-12 17:32:12,805 INFO o.a.j.t.JMeterThread: Thread is done: Thread Group 1-9
2024-12-12 17:32:12,805 INFO o.a.j.t.JMeterThread: Thread finished: Thread Group 1-9
2024-12-12 17:32:12,861 INFO o.a.j.t.JMeterThread: Thread started: Thread Group 1-10
2024-12-12 17:32:12,871 INFO o.a.j.t.JMeterThread: Thread is done: Thread Group 1-10
2024-12-12 17:32:12,871 INFO o.a.j.t.JMeterThread: Thread finished: Thread Group 1-10
2024-12-12 17:32:12,931 INFO o.a.j.t.JMeterThread: Thread started: Thread Group 1-11
2024-12-12 17:32:12,942 INFO o.a.j.t.JMeterThread: Thread is done: Thread Group 1-11
2024-12-12 17:32:12,942 INFO o.a.j.t.JMeterThread: Thread finished: Thread Group 1-11
2024-12-12 17:32:12,995 INFO o.a.j.t.JMeterThread: Thread started: Thread Group 1-12
2024-12-12 17:32:13,005 INFO o.a.j.t.JMeterThread: Thread is done: Thread Group 1-12
2024-12-12 17:32:13,005 INFO o.a.j.t.JMeterThread: Thread finished: Thread Group 1-12
2024-12-12 17:32:13,062 INFO o.a.j.t.JMeterThread: Thread started: Thread Group 1-13
2024-12-12 17:32:13,072 INFO o.a.j.t.JMeterThread: Thread is done: Thread Group 1-13
2024-12-12 17:32:13,072 INFO o.a.j.t.JMeterThread: Thread finished: Thread Group 1-13
2024-12-12 17:32:13,129 INFO o.a.j.t.JMeterThread: Thread started: Thread Group 1-14
2024-12-12 17:32:13,137 INFO o.a.j.t.JMeterThread: Thread is done: Thread Group 1-14
2024-12-12 17:32:13,137 INFO o.a.j.t.JMeterThread: Thread finished: Thread Group 1-14
2024-12-12 17:32:13,196 INFO o.a.j.t.JMeterThread: Thread started: Thread Group 1-15
2024-12-12 17:32:13,207 INFO o.a.j.t.JMeterThread: Thread is done: Thread Group 1-15
2024-12-12 17:32:13,207 INFO o.a.j.t.JMeterThread: Thread finished: Thread Group 1-15
2024-12-12 17:32:13,207 INFO o.a.j.e.StandardJMeterEngine: Notifying test listeners of end of test
2024-12-12 17:32:13,208 INFO o.a.j.g.u.JMeterMenuBar: setRunning(false, *local*)
2024-12-12 17:32:16,792 INFO o.a.j.e.StandardJMeterEngine: Running the test!
2024-12-12 17:32:16,793 INFO o.a.j.s.SampleEvent: List of sample_variables: []
2024-12-12 17:32:16,794 INFO o.a.j.g.u.JMeterMenuBar: setRunning(true, *local*)
2024-12-12 17:32:16,881 INFO o.a.j.e.StandardJMeterEngine: Starting ThreadGroup: 1 : Thread Group
2024-12-12 17:32:16,882 INFO o.a.j.e.StandardJMeterEngine: Starting 15 threads for group Thread Group.
2024-12-12 17:32:16,882 INFO o.a.j.e.StandardJMeterEngine: Thread will continue on error
2024-12-12 17:32:16,882 INFO o.a.j.t.ThreadGroup: Starting thread group... number=1 threads=15 ramp-up=1 delayedStart=false
2024-12-12 17:32:16,884 INFO o.a.j.t.JMeterThread: Thread started: Thread Group 1-1
2024-12-12 17:32:16,893 INFO o.a.j.t.ThreadGroup: Started thread group number 1
2024-12-12 17:32:16,893 INFO o.a.j.e.StandardJMeterEngine: All thread groups have been started
2024-12-12 17:32:16,955 INFO o.a.j.t.JMeterThread: Thread started: Thread Group 1-2
2024-12-12 17:32:16,992 INFO o.a.j.t.JMeterThread: Thread is done: Thread Group 1-1
2024-12-12 17:32:16,993 INFO o.a.j.t.JMeterThread: Thread finished: Thread Group 1-1
2024-12-12 17:32:17,021 INFO o.a.j.t.JMeterThread: Thread started: Thread Group 1-3
2024-12-12 17:32:17,042 INFO o.a.j.t.JMeterThread: Thread is done: Thread Group 1-3
2024-12-12 17:32:17,042 INFO o.a.j.t.JMeterThread: Thread finished: Thread Group 1-3
2024-12-12 17:32:17,059 INFO o.a.j.t.JMeterThread: Thread is done: Thread Group 1-2
2024-12-12 17:32:17,060 INFO o.a.j.t.JMeterThread: Thread finished: Thread Group 1-2
2024-12-12 17:32:17,093 INFO o.a.j.t.JMeterThread: Thread started: Thread Group 1-4
2024-12-12 17:32:17,106 INFO o.a.j.t.JMeterThread: Thread is done: Thread Group 1-4
2024-12-12 17:32:17,106 INFO o.a.j.t.JMeterThread: Thread finished: Thread Group 1-4
2024-12-12 17:32:17,157 INFO o.a.j.t.JMeterThread: Thread started: Thread Group 1-5
2024-12-12 17:32:17,169 INFO o.a.j.t.JMeterThread: Thread is done: Thread Group 1-5
2024-12-12 17:32:17,170 INFO o.a.j.t.JMeterThread: Thread finished: Thread Group 1-5
2024-12-12 17:32:17,226 INFO o.a.j.t.JMeterThread: Thread started: Thread Group 1-6
2024-12-12 17:32:17,240 INFO o.a.j.t.JMeterThread: Thread is done: Thread Group 1-6
2024-12-12 17:32:17,240 INFO o.a.j.t.JMeterThread: Thread finished: Thread Group 1-6
2024-12-12 17:32:17,293 INFO o.a.j.t.JMeterThread: Thread started: Thread Group 1-7
2024-12-12 17:32:17,310 INFO o.a.j.t.JMeterThread: Thread is done: Thread Group 1-7
2024-12-12 17:32:17,310 INFO o.a.j.t.JMeterThread: Thread finished: Thread Group 1-7
2024-12-12 17:32:17,360 INFO o.a.j.t.JMeterThread: Thread started: Thread Group 1-8
2024-12-12 17:32:17,375 INFO o.a.j.t.JMeterThread: Thread is done: Thread Group 1-8
2024-12-12 17:32:17,375 INFO o.a.j.t.JMeterThread: Thread finished: Thread Group 1-8
2024-12-12 17:32:17,428 INFO o.a.j.t.JMeterThread: Thread started: Thread Group 1-9
2024-12-12 17:32:17,443 INFO o.a.j.t.JMeterThread: Thread is done: Thread Group 1-9
2024-12-12 17:32:17,443 INFO o.a.j.t.JMeterThread: Thread finished: Thread Group 1-9
2024-12-12 17:32:17,497 INFO o.a.j.t.JMeterThread: Thread started: Thread Group 1-10
2024-12-12 17:32:17,511 INFO o.a.j.t.JMeterThread: Thread is done: Thread Group 1-10
2024-12-12 17:32:17,512 INFO o.a.j.t.JMeterThread: Thread finished: Thread Group 1-10
2024-12-12 17:32:17,564 INFO o.a.j.t.JMeterThread: Thread started: Thread Group 1-11
2024-12-12 17:32:17,576 INFO o.a.j.t.JMeterThread: Thread is done: Thread Group 1-11
2024-12-12 17:32:17,577 INFO o.a.j.t.JMeterThread: Thread finished: Thread Group 1-11
2024-12-12 17:32:17,632 INFO o.a.j.t.JMeterThread: Thread started: Thread Group 1-12
2024-12-12 17:32:17,646 INFO o.a.j.t.JMeterThread: Thread is done: Thread Group 1-12
2024-12-12 17:32:17,646 INFO o.a.j.t.JMeterThread: Thread finished: Thread Group 1-12
2024-12-12 17:32:17,698 INFO o.a.j.t.JMeterThread: Thread started: Thread Group 1-13
2024-12-12 17:32:17,709 INFO o.a.j.t.JMeterThread: Thread is done: Thread Group 1-13
2024-12-12 17:32:17,710 INFO o.a.j.t.JMeterThread: Thread finished: Thread Group 1-13
2024-12-12 17:32:17,764 INFO o.a.j.t.JMeterThread: Thread started: Thread Group 1-14
2024-12-12 17:32:17,776 INFO o.a.j.t.JMeterThread: Thread is done: Thread Group 1-14
2024-12-12 17:32:17,776 INFO o.a.j.t.JMeterThread: Thread finished: Thread Group 1-14
2024-12-12 17:32:17,832 INFO o.a.j.t.JMeterThread: Thread started: Thread Group 1-15
2024-12-12 17:32:17,845 INFO o.a.j.t.JMeterThread: Thread is done: Thread Group 1-15
2024-12-12 17:32:17,845 INFO o.a.j.t.JMeterThread: Thread finished: Thread Group 1-15
2024-12-12 17:32:17,846 INFO o.a.j.e.StandardJMeterEngine: Notifying test listeners of end of test
2024-12-12 17:32:17,847 INFO o.a.j.g.u.JMeterMenuBar: setRunning(false, *local*)
2024-12-12 17:33:57,734 INFO o.a.j.e.StandardJMeterEngine: Running the test!
2024-12-12 17:33:57,735 INFO o.a.j.s.SampleEvent: List of sample_variables: []
2024-12-12 17:33:57,736 INFO o.a.j.g.u.JMeterMenuBar: setRunning(true, *local*)
2024-12-12 17:33:57,804 INFO o.a.j.e.StandardJMeterEngine: Starting ThreadGroup: 1 : Thread Group
2024-12-12 17:33:57,805 INFO o.a.j.e.StandardJMeterEngine: Starting 15 threads for group Thread Group.
2024-12-12 17:33:57,805 INFO o.a.j.e.StandardJMeterEngine: Thread will continue on error
2024-12-12 17:33:57,805 INFO o.a.j.t.ThreadGroup: Starting thread group... number=1 threads=15 ramp-up=1 delayedStart=false
2024-12-12 17:33:57,806 INFO o.a.j.t.JMeterThread: Thread started: Thread Group 1-1
2024-12-12 17:33:57,812 INFO o.a.j.t.ThreadGroup: Started thread group number 1
2024-12-12 17:33:57,812 INFO o.a.j.e.StandardJMeterEngine: All thread groups have been started
2024-12-12 17:33:57,874 INFO o.a.j.t.JMeterThread: Thread started: Thread Group 1-2
2024-12-12 17:33:57,934 INFO o.a.j.t.JMeterThread: Thread is done: Thread Group 1-1
2024-12-12 17:33:57,935 INFO o.a.j.t.JMeterThread: Thread finished: Thread Group 1-1
2024-12-12 17:33:57,943 INFO o.a.j.t.JMeterThread: Thread started: Thread Group 1-3
2024-12-12 17:33:57,958 INFO o.a.j.t.JMeterThread: Thread is done: Thread Group 1-3
2024-12-12 17:33:57,958 INFO o.a.j.t.JMeterThread: Thread finished: Thread Group 1-3
2024-12-12 17:33:57,967 INFO o.a.j.t.JMeterThread: Thread is done: Thread Group 1-2
2024-12-12 17:33:57,967 INFO o.a.j.t.JMeterThread: Thread finished: Thread Group 1-2
2024-12-12 17:33:58,010 INFO o.a.j.t.JMeterThread: Thread started: Thread Group 1-4
2024-12-12 17:33:58,023 INFO o.a.j.t.JMeterThread: Thread is done: Thread Group 1-4
2024-12-12 17:33:58,023 INFO o.a.j.t.JMeterThread: Thread finished: Thread Group 1-4
2024-12-12 17:33:58,077 INFO o.a.j.t.JMeterThread: Thread started: Thread Group 1-5
2024-12-12 17:33:58,090 INFO o.a.j.t.JMeterThread: Thread is done: Thread Group 1-5
2024-12-12 17:33:58,090 INFO o.a.j.t.JMeterThread: Thread finished: Thread Group 1-5
2024-12-12 17:33:58,146 INFO o.a.j.t.JMeterThread: Thread started: Thread Group 1-6
2024-12-12 17:33:58,158 INFO o.a.j.t.JMeterThread: Thread is done: Thread Group 1-6
2024-12-12 17:33:58,158 INFO o.a.j.t.JMeterThread: Thread finished: Thread Group 1-6
2024-12-12 17:33:58,211 INFO o.a.j.t.JMeterThread: Thread started: Thread Group 1-7
2024-12-12 17:33:58,222 INFO o.a.j.t.JMeterThread: Thread is done: Thread Group 1-7
2024-12-12 17:33:58,223 INFO o.a.j.t.JMeterThread: Thread finished: Thread Group 1-7
2024-12-12 17:33:58,281 INFO o.a.j.t.JMeterThread: Thread started: Thread Group 1-8
2024-12-12 17:33:58,290 INFO o.a.j.t.JMeterThread: Thread is done: Thread Group 1-8
2024-12-12 17:33:58,290 INFO o.a.j.t.JMeterThread: Thread finished: Thread Group 1-8
2024-12-12 17:33:58,349 INFO o.a.j.t.JMeterThread: Thread started: Thread Group 1-9
2024-12-12 17:33:58,358 INFO o.a.j.t.JMeterThread: Thread is done: Thread Group 1-9
2024-12-12 17:33:58,358 INFO o.a.j.t.JMeterThread: Thread finished: Thread Group 1-9
2024-12-12 17:33:58,416 INFO o.a.j.t.JMeterThread: Thread started: Thread Group 1-10
2024-12-12 17:33:58,426 INFO o.a.j.t.JMeterThread: Thread is done: Thread Group 1-10
2024-12-12 17:33:58,426 INFO o.a.j.t.JMeterThread: Thread finished: Thread Group 1-10
2024-12-12 17:33:58,481 INFO o.a.j.t.JMeterThread: Thread started: Thread Group 1-11
2024-12-12 17:33:58,491 INFO o.a.j.t.JMeterThread: Thread is done: Thread Group 1-11
2024-12-12 17:33:58,491 INFO o.a.j.t.JMeterThread: Thread finished: Thread Group 1-11
2024-12-12 17:33:58,566 INFO o.a.j.t.JMeterThread: Thread started: Thread Group 1-12
2024-12-12 17:33:58,575 INFO o.a.j.t.JMeterThread: Thread is done: Thread Group 1-12
2024-12-12 17:33:58,575 INFO o.a.j.t.JMeterThread: Thread finished: Thread Group 1-12
2024-12-12 17:33:58,631 INFO o.a.j.t.JMeterThread: Thread started: Thread Group 1-13
2024-12-12 17:33:58,639 INFO o.a.j.t.JMeterThread: Thread is done: Thread Group 1-13
2024-12-12 17:33:58,640 INFO o.a.j.t.JMeterThread: Thread finished: Thread Group 1-13
2024-12-12 17:33:58,699 INFO o.a.j.t.JMeterThread: Thread started: Thread Group 1-14
2024-12-12 17:33:58,709 INFO o.a.j.t.JMeterThread: Thread is done: Thread Group 1-14
2024-12-12 17:33:58,709 INFO o.a.j.t.JMeterThread: Thread finished: Thread Group 1-14
2024-12-12 17:33:58,765 INFO o.a.j.t.JMeterThread: Thread started: Thread Group 1-15
2024-12-12 17:33:58,774 INFO o.a.j.t.JMeterThread: Thread is done: Thread Group 1-15
2024-12-12 17:33:58,775 INFO o.a.j.t.JMeterThread: Thread finished: Thread Group 1-15
2024-12-12 17:33:58,776 INFO o.a.j.e.StandardJMeterEngine: Notifying test listeners of end of test
2024-12-12 17:33:58,776 INFO o.a.j.g.u.JMeterMenuBar: setRunning(false, *local*)
2024-12-12 17:35:33,411 INFO o.a.j.e.StandardJMeterEngine: Running the test!
2024-12-12 17:35:33,412 INFO o.a.j.s.SampleEvent: List of sample_variables: []
2024-12-12 17:35:33,413 INFO o.a.j.g.u.JMeterMenuBar: setRunning(true, *local*)
2024-12-12 17:35:33,415 INFO o.a.j.e.StandardJMeterEngine: Starting ThreadGroup: 1 : Thread Group
2024-12-12 17:35:33,416 INFO o.a.j.e.StandardJMeterEngine: Starting 15 threads for group Thread Group.
2024-12-12 17:35:33,416 INFO o.a.j.e.StandardJMeterEngine: Thread will continue on error
2024-12-12 17:35:33,416 INFO o.a.j.t.ThreadGroup: Starting thread group... number=1 threads=15 ramp-up=1 delayedStart=false
2024-12-12 17:35:33,417 INFO o.a.j.t.JMeterThread: Thread started: Thread Group 1-1
2024-12-12 17:35:33,432 INFO o.a.j.t.ThreadGroup: Started thread group number 1
2024-12-12 17:35:33,433 INFO o.a.j.e.StandardJMeterEngine: All thread groups have been started
2024-12-12 17:35:33,491 INFO o.a.j.t.JMeterThread: Thread started: Thread Group 1-2
2024-12-12 17:35:33,558 INFO o.a.j.t.JMeterThread: Thread started: Thread Group 1-3
2024-12-12 17:35:33,623 INFO o.a.j.t.JMeterThread: Thread started: Thread Group 1-4
2024-12-12 17:35:33,691 INFO o.a.j.t.JMeterThread: Thread started: Thread Group 1-5
2024-12-12 17:35:33,756 INFO o.a.j.t.JMeterThread: Thread started: Thread Group 1-6
2024-12-12 17:35:33,823 INFO o.a.j.t.JMeterThread: Thread started: Thread Group 1-7
2024-12-12 17:35:33,893 INFO o.a.j.t.JMeterThread: Thread started: Thread Group 1-8
2024-12-12 17:35:33,959 INFO o.a.j.t.JMeterThread: Thread started: Thread Group 1-9
2024-12-12 17:35:34,024 INFO o.a.j.t.JMeterThread: Thread started: Thread Group 1-10
2024-12-12 17:35:34,090 INFO o.a.j.t.JMeterThread: Thread started: Thread Group 1-11
2024-12-12 17:35:34,158 INFO o.a.j.t.JMeterThread: Thread started: Thread Group 1-12
2024-12-12 17:35:34,225 INFO o.a.j.t.JMeterThread: Thread started: Thread Group 1-13
2024-12-12 17:35:34,293 INFO o.a.j.t.JMeterThread: Thread started: Thread Group 1-14
2024-12-12 17:35:34,361 INFO o.a.j.t.JMeterThread: Thread started: Thread Group 1-15
2024-12-12 17:35:34,447 INFO o.a.j.t.JMeterThread: Thread is done: Thread Group 1-4
2024-12-12 17:35:34,447 INFO o.a.j.t.JMeterThread: Thread is done: Thread Group 1-5
2024-12-12 17:35:34,447 INFO o.a.j.t.JMeterThread: Thread is done: Thread Group 1-2
2024-12-12 17:35:34,447 INFO o.a.j.t.JMeterThread: Thread is done: Thread Group 1-6
2024-12-12 17:35:34,447 INFO o.a.j.t.JMeterThread: Thread finished: Thread Group 1-4
2024-12-12 17:35:34,447 INFO o.a.j.t.JMeterThread: Thread finished: Thread Group 1-6
2024-12-12 17:35:34,447 INFO o.a.j.t.JMeterThread: Thread finished: Thread Group 1-5
2024-12-12 17:35:34,447 INFO o.a.j.t.JMeterThread: Thread finished: Thread Group 1-2
2024-12-12 17:35:35,807 INFO o.a.j.t.JMeterThread: Thread is done: Thread Group 1-1
2024-12-12 17:35:35,807 INFO o.a.j.t.JMeterThread: Thread finished: Thread Group 1-1
2024-12-12 17:35:35,823 INFO o.a.j.t.JMeterThread: Thread is done: Thread Group 1-3
2024-12-12 17:35:35,823 INFO o.a.j.t.JMeterThread: Thread finished: Thread Group 1-3
2024-12-12 17:35:35,851 INFO o.a.j.t.JMeterThread: Thread is done: Thread Group 1-7
2024-12-12 17:35:35,852 INFO o.a.j.t.JMeterThread: Thread finished: Thread Group 1-7
2024-12-12 17:35:35,913 INFO o.a.j.t.JMeterThread: Thread is done: Thread Group 1-8
2024-12-12 17:35:35,913 INFO o.a.j.t.JMeterThread: Thread finished: Thread Group 1-8
2024-12-12 17:35:35,974 INFO o.a.j.t.JMeterThread: Thread is done: Thread Group 1-9
2024-12-12 17:35:35,974 INFO o.a.j.t.JMeterThread: Thread finished: Thread Group 1-9
2024-12-12 17:35:36,037 INFO o.a.j.t.JMeterThread: Thread is done: Thread Group 1-10
2024-12-12 17:35:36,037 INFO o.a.j.t.JMeterThread: Thread finished: Thread Group 1-10
2024-12-12 17:35:36,115 INFO o.a.j.t.JMeterThread: Thread is done: Thread Group 1-11
2024-12-12 17:35:36,116 INFO o.a.j.t.JMeterThread: Thread finished: Thread Group 1-11
2024-12-12 17:35:36,181 INFO o.a.j.t.JMeterThread: Thread is done: Thread Group 1-12
2024-12-12 17:35:36,181 INFO o.a.j.t.JMeterThread: Thread finished: Thread Group 1-12
2024-12-12 17:35:36,244 INFO o.a.j.t.JMeterThread: Thread is done: Thread Group 1-13
2024-12-12 17:35:36,244 INFO o.a.j.t.JMeterThread: Thread finished: Thread Group 1-13
2024-12-12 17:35:36,319 INFO o.a.j.t.JMeterThread: Thread is done: Thread Group 1-14
2024-12-12 17:35:36,319 INFO o.a.j.t.JMeterThread: Thread finished: Thread Group 1-14
2024-12-12 17:35:36,472 INFO o.a.j.t.JMeterThread: Thread is done: Thread Group 1-15
2024-12-12 17:35:36,472 INFO o.a.j.t.JMeterThread: Thread finished: Thread Group 1-15
2024-12-12 17:35:36,473 INFO o.a.j.e.StandardJMeterEngine: Notifying test listeners of end of test
2024-12-12 17:35:36,474 INFO o.a.j.g.u.JMeterMenuBar: setRunning(false, *local*)
